1515395898.409543 client started (81054): version 2.6, socket /private/tmp/tmux-501/default, protocol 8
1515395898.409613 on Darwin 17.3.0 Darwin Kernel Version 17.3.0: Thu Nov  9 18:09:22 PST 2017; root:xnu-4570.31.3~1/RELEASE_X86_64; libevent 2.1.8-stable (select)
1515395898.409653 socket is /private/tmp/tmux-501/default
1515395898.409673 trying connect
1515395898.409770 add peer 0x7fc2e0811000: 7 (0x0)
1515395898.411543 sending message 100 to peer 0x7fc2e0811000 (4 bytes)
1515395898.411561 sending message 101 to peer 0x7fc2e0811000 (16 bytes)
1515395898.411569 sending message 102 to peer 0x7fc2e0811000 (13 bytes)
1515395898.411576 sending message 108 to peer 0x7fc2e0811000 (21 bytes)
1515395898.411592 sending message 104 to peer 0x7fc2e0811000 (0 bytes)
1515395898.411599 sending message 107 to peer 0x7fc2e0811000 (4 bytes)
1515395898.411606 sending message 105 to peer 0x7fc2e0811000 (76 bytes)
1515395898.411614 sending message 105 to peer 0x7fc2e0811000 (25 bytes)
1515395898.411621 sending message 105 to peer 0x7fc2e0811000 (89 bytes)
1515395898.411628 sending message 105 to peer 0x7fc2e0811000 (52 bytes)
1515395898.411635 sending message 105 to peer 0x7fc2e0811000 (22 bytes)
1515395898.411642 sending message 105 to peer 0x7fc2e0811000 (20 bytes)
1515395898.411649 sending message 105 to peer 0x7fc2e0811000 (17 bytes)
1515395898.411656 sending message 105 to peer 0x7fc2e0811000 (22 bytes)
1515395898.411663 sending message 105 to peer 0x7fc2e0811000 (61 bytes)
1515395898.411670 sending message 105 to peer 0x7fc2e0811000 (17 bytes)
1515395898.411677 sending message 105 to peer 0x7fc2e0811000 (13 bytes)
1515395898.411684 sending message 105 to peer 0x7fc2e0811000 (102 bytes)
1515395898.411691 sending message 105 to peer 0x7fc2e0811000 (31 bytes)
1515395898.411698 sending message 105 to peer 0x7fc2e0811000 (58 bytes)
1515395898.411705 sending message 105 to peer 0x7fc2e0811000 (28 bytes)
1515395898.411712 sending message 105 to peer 0x7fc2e0811000 (15 bytes)
1515395898.411720 sending message 105 to peer 0x7fc2e0811000 (824 bytes)
1515395898.411727 sending message 105 to peer 0x7fc2e0811000 (80 bytes)
1515395898.411734 sending message 105 to peer 0x7fc2e0811000 (17 bytes)
1515395898.411741 sending message 105 to peer 0x7fc2e0811000 (25 bytes)
1515395898.411748 sending message 105 to peer 0x7fc2e0811000 (30 bytes)
1515395898.411755 sending message 105 to peer 0x7fc2e0811000 (16 bytes)
1515395898.411762 sending message 105 to peer 0x7fc2e0811000 (24 bytes)
1515395898.411769 sending message 105 to peer 0x7fc2e0811000 (20 bytes)
1515395898.411776 sending message 105 to peer 0x7fc2e0811000 (24 bytes)
1515395898.411783 sending message 105 to peer 0x7fc2e0811000 (25 bytes)
1515395898.411790 sending message 105 to peer 0x7fc2e0811000 (8 bytes)
1515395898.411797 sending message 105 to peer 0x7fc2e0811000 (66 bytes)
1515395898.411804 sending message 105 to peer 0x7fc2e0811000 (21 bytes)
1515395898.411811 sending message 105 to peer 0x7fc2e0811000 (23 bytes)
1515395898.411818 sending message 105 to peer 0x7fc2e0811000 (27 bytes)
1515395898.411825 sending message 105 to peer 0x7fc2e0811000 (60 bytes)
1515395898.411832 sending message 105 to peer 0x7fc2e0811000 (57 bytes)
1515395898.411839 sending message 105 to peer 0x7fc2e0811000 (43 bytes)
1515395898.411846 sending message 105 to peer 0x7fc2e0811000 (14 bytes)
1515395898.411853 sending message 105 to peer 0x7fc2e0811000 (52 bytes)
1515395898.411860 sending message 105 to peer 0x7fc2e0811000 (10 bytes)
1515395898.411867 sending message 105 to peer 0x7fc2e0811000 (29 bytes)
1515395898.411874 sending message 105 to peer 0x7fc2e0811000 (14 bytes)
1515395898.411881 sending message 105 to peer 0x7fc2e0811000 (14 bytes)
1515395898.411888 sending message 105 to peer 0x7fc2e0811000 (19 bytes)
1515395898.411895 sending message 105 to peer 0x7fc2e0811000 (38 bytes)
1515395898.411903 sending message 105 to peer 0x7fc2e0811000 (109 bytes)
1515395898.411910 sending message 105 to peer 0x7fc2e0811000 (23 bytes)
1515395898.411917 sending message 105 to peer 0x7fc2e0811000 (26 bytes)
1515395898.411924 sending message 105 to peer 0x7fc2e0811000 (34 bytes)
1515395898.411945 sending message 105 to peer 0x7fc2e0811000 (20 bytes)
1515395898.411952 sending message 105 to peer 0x7fc2e0811000 (17 bytes)
1515395898.411959 sending message 105 to peer 0x7fc2e0811000 (22 bytes)
1515395898.411966 sending message 105 to peer 0x7fc2e0811000 (20 bytes)
1515395898.411973 sending message 105 to peer 0x7fc2e0811000 (28 bytes)
1515395898.411980 sending message 105 to peer 0x7fc2e0811000 (42 bytes)
1515395898.411987 sending message 105 to peer 0x7fc2e0811000 (82 bytes)
1515395898.411994 sending message 105 to peer 0x7fc2e0811000 (48 bytes)
1515395898.412001 sending message 105 to peer 0x7fc2e0811000 (48 bytes)
1515395898.412008 sending message 105 to peer 0x7fc2e0811000 (24 bytes)
1515395898.412016 sending message 105 to peer 0x7fc2e0811000 (22 bytes)
1515395898.412023 sending message 105 to peer 0x7fc2e0811000 (17 bytes)
1515395898.412030 sending message 105 to peer 0x7fc2e0811000 (15 bytes)
1515395898.412037 sending message 106 to peer 0x7fc2e0811000 (0 bytes)
1515395898.412047 sending message 200 to peer 0x7fc2e0811000 (4 bytes)
1515395898.412055 client loop enter
1515395898.412358 peer 0x7fc2e0811000 message 211
1515395898.412386 peer 0x7fc2e0811000 message 203
1515395898.412407 client loop exit
